# JRE version: OpenJDK Runtime Environment Temurin-21.0.6+7 (21.0.6+7) (build 21.0.6+7-LTS)
# Java VM: OpenJDK 64-Bit Server VM Temurin-21.0.6+7 (21.0.6+7-LTS, mixed mode, sharing, tiered, compressed oops, compressed class ptrs, parallel gc, windows-amd64)
GC Precious Log:
 CardTable entry size: 512
 CPUs: 4 total, 4 available
 Memory: 3877M
 Large Page Support: Disabled
 NUMA Support: Disabled
 Compressed Oops: Enabled (32-bit)
 Alignments: Space 512K, Generation 512K, Heap 2M
 Heap Min Capacity: 100M
 Heap Initial Capacity: 100M
 Heap Max Capacity: 1G
 Pre-touch: Disabled
 Parallel Workers: 4
Heap:
 PSYoungGen      total 22016K, used 20757K [0x00000000eab00000, 0x00000000ece00000, 0x0000000100000000)
  eden space 18432K, 93% used [0x00000000eab00000,0x00000000ebbc7648,0x00000000ebd00000)
  from space 3584K, 99% used [0x00000000ebd80000,0x00000000ec0fe198,0x00000000ec100000)
  to   space 8704K, 0% used [0x00000000ec580000,0x00000000ec580000,0x00000000ece00000)
 ParOldGen       total 68608K, used 54831K [0x00000000c0000000, 0x00000000c4300000, 0x00000000eab00000)
  object space 68608K, 79% used [0x00000000c0000000,0x00000000c358bc60,0x00000000c4300000)
 Metaspace       used 50688K, committed 51904K, reserved 1114112K
  class space    used 5370K, committed 5888K, reserved 1048576K
GC Heap History (20 events):
Event: 13.771 GC heap before
{Heap before GC invocations=24 (full 2):
 PSYoungGen      total 22016K, used 21956K [0x00000000eab00000, 0x00000000ec480000, 0x0000000100000000)
  eden space 19968K, 100% used [0x00000000eab00000,0x00000000ebe80000,0x00000000ebe80000)
  from space 2048K, 97% used [0x00000000ebe80000,0x00000000ec071000,0x00000000ec080000)
  to   space 3072K, 0% used [0x00000000ec180000,0x00000000ec180000,0x00000000ec480000)
 ParOldGen       total 68608K, used 29472K [0x00000000c0000000, 0x00000000c4300000, 0x00000000eab00000)
  object space 68608K, 42% used [0x00000000c0000000,0x00000000c1cc8270,0x00000000c4300000)
 Metaspace       used 45465K, committed 46592K, reserved 1114112K
  class space    used 4788K, committed 5248K, reserved 1048576K
}
Event: 13.774 GC heap after
{Heap after GC invocations=24 (full 2):
 PSYoungGen      total 22016K, used 1792K [0x00000000eab00000, 0x00000000ec380000, 0x0000000100000000)
  eden space 19968K, 0% used [0x00000000eab00000,0x00000000eab00000,0x00000000ebe80000)
  from space 2048K, 87% used [0x00000000ec180000,0x00000000ec340000,0x00000000ec380000)
  to   space 2048K, 0% used [0x00000000ebe80000,0x00000000ebe80000,0x00000000ec080000)
 ParOldGen       total 68608K, used 31389K [0x00000000c0000000, 0x00000000c4300000, 0x00000000eab00000)
  object space 68608K, 45% used [0x00000000c0000000,0x00000000c1ea75e0,0x00000000c4300000)
 Metaspace       used 45465K, committed 46592K, reserved 1114112K
  class space    used 4788K, committed 5248K, reserved 1048576K
}
Event: 13.880 GC heap before
{Heap before GC invocations=25 (full 2):
 PSYoungGen      total 22016K, used 21760K [0x00000000eab00000, 0x00000000ec380000, 0x0000000100000000)
  eden space 19968K, 100% used [0x00000000eab00000,0x00000000ebe80000,0x00000000ebe80000)
  from space 2048K, 87% used [0x00000000ec180000,0x00000000ec340000,0x00000000ec380000)
  to   space 2048K, 0% used [0x00000000ebe80000,0x00000000ebe80000,0x00000000ec080000)
 ParOldGen       total 68608K, used 31389K [0x00000000c0000000, 0x00000000c4300000, 0x00000000eab00000)
  object space 68608K, 45% used [0x00000000c0000000,0x00000000c1ea75e0,0x00000000c4300000)
 Metaspace       used 45531K, committed 46592K, reserved 1114112K
  class space    used 4789K, committed 5248K, reserved 1048576K
}
Event: 13.885 GC heap after
{Heap after GC invocations=25 (full 2):
 PSYoungGen      total 22016K, used 2043K [0x00000000eab00000, 0x00000000ec680000, 0x0000000100000000)
  eden space 19968K, 0% used [0x00000000eab00000,0x00000000eab00000,0x00000000ebe80000)
  from space 2048K, 99% used [0x00000000ebe80000,0x00000000ec07ec18,0x00000000ec080000)
  to   space 4096K, 0% used [0x00000000ec280000,0x00000000ec280000,0x00000000ec680000)
 ParOldGen       total 68608K, used 33098K [0x00000000c0000000, 0x00000000c4300000, 0x00000000eab00000)
  object space 68608K, 48% used [0x00000000c0000000,0x00000000c2052a30,0x00000000c4300000)
 Metaspace       used 45531K, committed 46592K, reserved 1114112K
  class space    used 4789K, committed 5248K, reserved 1048576K
}
Event: 13.962 GC heap before
{Heap before GC invocations=26 (full 2):
 PSYoungGen      total 22016K, used 22011K [0x00000000eab00000, 0x00000000ec680000, 0x0000000100000000)
  eden space 19968K, 100% used [0x00000000eab00000,0x00000000ebe80000,0x00000000ebe80000)
  from space 2048K, 99% used [0x00000000ebe80000,0x00000000ec07ec18,0x00000000ec080000)
  to   space 4096K, 0% used [0x00000000ec280000,0x00000000ec280000,0x00000000ec680000)
 ParOldGen       total 68608K, used 33098K [0x00000000c0000000, 0x00000000c4300000, 0x00000000eab00000)
  object space 68608K, 48% used [0x00000000c0000000,0x00000000c2052a30,0x00000000c4300000)
 Metaspace       used 45571K, committed 46656K, reserved 1114112K
  class space    used 4792K, committed 5248K, reserved 1048576K
}
Event: 13.967 GC heap after
{Heap after GC invocations=26 (full 2):
 PSYoungGen      total 22016K, used 1912K [0x00000000eab00000, 0x00000000ec480000, 0x0000000100000000)
  eden space 19968K, 0% used [0x00000000eab00000,0x00000000eab00000,0x00000000ebe80000)
  from space 2048K, 93% used [0x00000000ec280000,0x00000000ec45e200,0x00000000ec480000)
  to   space 3072K, 0% used [0x00000000ebe80000,0x00000000ebe80000,0x00000000ec180000)
 ParOldGen       total 68608K, used 35115K [0x00000000c0000000, 0x00000000c4300000, 0x00000000eab00000)
  object space 68608K, 51% used [0x00000000c0000000,0x00000000c224ac98,0x00000000c4300000)
 Metaspace       used 45571K, committed 46656K, reserved 1114112K
  class space    used 4792K, committed 5248K, reserved 1048576K
}
Event: 14.231 GC heap before
{Heap before GC invocations=27 (full 2):
 PSYoungGen      total 22016K, used 21880K [0x00000000eab00000, 0x00000000ec480000, 0x0000000100000000)
  eden space 19968K, 100% used [0x00000000eab00000,0x00000000ebe80000,0x00000000ebe80000)
  from space 2048K, 93% used [0x00000000ec280000,0x00000000ec45e200,0x00000000ec480000)
  to   space 3072K, 0% used [0x00000000ebe80000,0x00000000ebe80000,0x00000000ec180000)
 ParOldGen       total 68608K, used 35115K [0x00000000c0000000, 0x00000000c4300000, 0x00000000eab00000)
  object space 68608K, 51% used [0x00000000c0000000,0x00000000c224ac98,0x00000000c4300000)
 Metaspace       used 46533K, committed 47616K, reserved 1114112K
  class space    used 4886K, committed 5376K, reserved 1048576K
}
Event: 14.236 GC heap after
{Heap after GC invocations=27 (full 2):
 PSYoungGen      total 23040K, used 3064K [0x00000000eab00000, 0x00000000ecb80000, 0x0000000100000000)
  eden space 19968K, 0% used [0x00000000eab00000,0x00000000eab00000,0x00000000ebe80000)
  from space 3072K, 99% used [0x00000000ebe80000,0x00000000ec17e100,0x00000000ec180000)
  to   space 6656K, 0% used [0x00000000ec500000,0x00000000ec500000,0x00000000ecb80000)
 ParOldGen       total 68608K, used 37971K [0x00000000c0000000, 0x00000000c4300000, 0x00000000eab00000)
  object space 68608K, 55% used [0x00000000c0000000,0x00000000c2514e70,0x00000000c4300000)
 Metaspace       used 46533K, committed 47616K, reserved 1114112K
  class space    used 4886K, committed 5376K, reserved 1048576K
}
Event: 14.788 GC heap before
{Heap before GC invocations=28 (full 2):
 PSYoungGen      total 23040K, used 23032K [0x00000000eab00000, 0x00000000ecb80000, 0x0000000100000000)
  eden space 19968K, 100% used [0x00000000eab00000,0x00000000ebe80000,0x00000000ebe80000)
  from space 3072K, 99% used [0x00000000ebe80000,0x00000000ec17e100,0x00000000ec180000)
  to   space 6656K, 0% used [0x00000000ec500000,0x00000000ec500000,0x00000000ecb80000)
 ParOldGen       total 68608K, used 37971K [0x00000000c0000000, 0x00000000c4300000, 0x00000000eab00000)
  object space 68608K, 55% used [0x00000000c0000000,0x00000000c2514e70,0x00000000c4300000)
 Metaspace       used 48415K, committed 49600K, reserved 1114112K
  class space    used 5078K, committed 5568K, reserved 1048576K
}
Event: 14.792 GC heap after
{Heap after GC invocations=28 (full 2):
 PSYoungGen      total 22528K, used 2225K [0x00000000eab00000, 0x00000000ec780000, 0x0000000100000000)
  eden space 19968K, 0% used [0x00000000eab00000,0x00000000eab00000,0x00000000ebe80000)
  from space 2560K, 86% used [0x00000000ec500000,0x00000000ec72c4c8,0x00000000ec780000)
  to   space 3584K, 0% used [0x00000000ec080000,0x00000000ec080000,0x00000000ec400000)
 ParOldGen       total 68608K, used 40749K [0x00000000c0000000, 0x00000000c4300000, 0x00000000eab00000)
  object space 68608K, 59% used [0x00000000c0000000,0x00000000c27cb648,0x00000000c4300000)
 Metaspace       used 48415K, committed 49600K, reserved 1114112K
  class space    used 5078K, committed 5568K, reserved 1048576K
}
Event: 14.967 GC heap before
{Heap before GC invocations=29 (full 2):
 PSYoungGen      total 22528K, used 22193K [0x00000000eab00000, 0x00000000ec780000, 0x0000000100000000)
  eden space 19968K, 100% used [0x00000000eab00000,0x00000000ebe80000,0x00000000ebe80000)
  from space 2560K, 86% used [0x00000000ec500000,0x00000000ec72c4c8,0x00000000ec780000)
  to   space 3584K, 0% used [0x00000000ec080000,0x00000000ec080000,0x00000000ec400000)
 ParOldGen       total 68608K, used 40749K [0x00000000c0000000, 0x00000000c4300000, 0x00000000eab00000)
  object space 68608K, 59% used [0x00000000c0000000,0x00000000c27cb648,0x00000000c4300000)
 Metaspace       used 48578K, committed 49728K, reserved 1114112K
  class space    used 5122K, committed 5568K, reserved 1048576K
}
Event: 14.970 GC heap after
{Heap after GC invocations=29 (full 2):
 PSYoungGen      total 23040K, used 2970K [0x00000000eab00000, 0x00000000ec580000, 0x0000000100000000)
  eden space 19968K, 0% used [0x00000000eab00000,0x00000000eab00000,0x00000000ebe80000)
  from space 3072K, 96% used [0x00000000ec080000,0x00000000ec366b00,0x00000000ec380000)
  to   space 2048K, 0% used [0x00000000ec380000,0x00000000ec380000,0x00000000ec580000)
 ParOldGen       total 68608K, used 42796K [0x00000000c0000000, 0x00000000c4300000, 0x00000000eab00000)
  object space 68608K, 62% used [0x00000000c0000000,0x00000000c29cb130,0x00000000c4300000)
 Metaspace       used 48578K, committed 49728K, reserved 1114112K
  class space    used 5122K, committed 5568K, reserved 1048576K
}
Event: 15.157 GC heap before
{Heap before GC invocations=30 (full 2):
 PSYoungGen      total 23040K, used 22938K [0x00000000eab00000, 0x00000000ec580000, 0x0000000100000000)
  eden space 19968K, 100% used [0x00000000eab00000,0x00000000ebe80000,0x00000000ebe80000)
  from space 3072K, 96% used [0x00000000ec080000,0x00000000ec366b00,0x00000000ec380000)
  to   space 2048K, 0% used [0x00000000ec380000,0x00000000ec380000,0x00000000ec580000)
 ParOldGen       total 68608K, used 42796K [0x00000000c0000000, 0x00000000c4300000, 0x00000000eab00000)
  object space 68608K, 62% used [0x00000000c0000000,0x00000000c29cb130,0x00000000c4300000)
 Metaspace       used 48907K, committed 50048K, reserved 1114112K
  class space    used 5151K, committed 5632K, reserved 1048576K
}
Event: 15.162 GC heap after
{Heap after GC invocations=30 (full 2):
 PSYoungGen      total 20480K, used 2017K [0x00000000eab00000, 0x00000000ecb80000, 0x0000000100000000)
  eden space 18432K, 0% used [0x00000000eab00000,0x00000000eab00000,0x00000000ebd00000)
  from space 2048K, 98% used [0x00000000ec380000,0x00000000ec5786f8,0x00000000ec580000)
  to   space 6656K, 0% used [0x00000000ebd00000,0x00000000ebd00000,0x00000000ec380000)
 ParOldGen       total 68608K, used 46742K [0x00000000c0000000, 0x00000000c4300000, 0x00000000eab00000)
  object space 68608K, 68% used [0x00000000c0000000,0x00000000c2da5948,0x00000000c4300000)
 Metaspace       used 48907K, committed 50048K, reserved 1114112K
  class space    used 5151K, committed 5632K, reserved 1048576K
}
Event: 15.388 GC heap before
{Heap before GC invocations=31 (full 2):
 PSYoungGen      total 20480K, used 20449K [0x00000000eab00000, 0x00000000ecb80000, 0x0000000100000000)
  eden space 18432K, 100% used [0x00000000eab00000,0x00000000ebd00000,0x00000000ebd00000)
  from space 2048K, 98% used [0x00000000ec380000,0x00000000ec5786f8,0x00000000ec580000)
  to   space 6656K, 0% used [0x00000000ebd00000,0x00000000ebd00000,0x00000000ec380000)
 ParOldGen       total 68608K, used 46742K [0x00000000c0000000, 0x00000000c4300000, 0x00000000eab00000)
  object space 68608K, 68% used [0x00000000c0000000,0x00000000c2da5948,0x00000000c4300000)
 Metaspace       used 49369K, committed 50496K, reserved 1114112K
  class space    used 5197K, committed 5696K, reserved 1048576K
}
Event: 15.401 GC heap after
{Heap after GC invocations=31 (full 2):
 PSYoungGen      total 20992K, used 2427K [0x00000000eab00000, 0x00000000ec500000, 0x0000000100000000)
  eden space 18432K, 0% used [0x00000000eab00000,0x00000000eab00000,0x00000000ebd00000)
  from space 2560K, 94% used [0x00000000ebd00000,0x00000000ebf5ee80,0x00000000ebf80000)
  to   space 4096K, 0% used [0x00000000ec100000,0x00000000ec100000,0x00000000ec500000)
 ParOldGen       total 68608K, used 48591K [0x00000000c0000000, 0x00000000c4300000, 0x00000000eab00000)
  object space 68608K, 70% used [0x00000000c0000000,0x00000000c2f73ce0,0x00000000c4300000)
 Metaspace       used 49369K, committed 50496K, reserved 1114112K
  class space    used 5197K, committed 5696K, reserved 1048576K
}
Event: 15.740 GC heap before
{Heap before GC invocations=32 (full 2):
 PSYoungGen      total 20992K, used 20859K [0x00000000eab00000, 0x00000000ec500000, 0x0000000100000000)
  eden space 18432K, 100% used [0x00000000eab00000,0x00000000ebd00000,0x00000000ebd00000)
  from space 2560K, 94% used [0x00000000ebd00000,0x00000000ebf5ee80,0x00000000ebf80000)
  to   space 4096K, 0% used [0x00000000ec100000,0x00000000ec100000,0x00000000ec500000)
 ParOldGen       total 68608K, used 48591K [0x00000000c0000000, 0x00000000c4300000, 0x00000000eab00000)
  object space 68608K, 70% used [0x00000000c0000000,0x00000000c2f73ce0,0x00000000c4300000)
 Metaspace       used 49923K, committed 51072K, reserved 1114112K
  class space    used 5271K, committed 5760K, reserved 1048576K
}
Event: 15.748 GC heap after
{Heap after GC invocations=32 (full 2):
 PSYoungGen      total 22016K, used 3317K [0x00000000eab00000, 0x00000000ec480000, 0x0000000100000000)
  eden space 18432K, 0% used [0x00000000eab00000,0x00000000eab00000,0x00000000ebd00000)
  from space 3584K, 92% used [0x00000000ec100000,0x00000000ec43d688,0x00000000ec480000)
  to   space 3584K, 0% used [0x00000000ebd80000,0x00000000ebd80000,0x00000000ec100000)
 ParOldGen       total 68608K, used 50884K [0x00000000c0000000, 0x00000000c4300000, 0x00000000eab00000)
  object space 68608K, 74% used [0x00000000c0000000,0x00000000c31b1368,0x00000000c4300000)
 Metaspace       used 49923K, committed 51072K, reserved 1114112K
  class space    used 5271K, committed 5760K, reserved 1048576K
}
Event: 16.574 GC heap before
{Heap before GC invocations=33 (full 2):
 PSYoungGen      total 22016K, used 21749K [0x00000000eab00000, 0x00000000ec480000, 0x0000000100000000)
  eden space 18432K, 100% used [0x00000000eab00000,0x00000000ebd00000,0x00000000ebd00000)
  from space 3584K, 92% used [0x00000000ec100000,0x00000000ec43d688,0x00000000ec480000)
  to   space 3584K, 0% used [0x00000000ebd80000,0x00000000ebd80000,0x00000000ec100000)
 ParOldGen       total 68608K, used 50884K [0x00000000c0000000, 0x00000000c4300000, 0x00000000eab00000)
  object space 68608K, 74% used [0x00000000c0000000,0x00000000c31b1368,0x00000000c4300000)
 Metaspace       used 49923K, committed 51072K, reserved 1114112K
  class space    used 5271K, committed 5760K, reserved 1048576K
}
Event: 16.581 GC heap after
{Heap after GC invocations=33 (full 2):
 PSYoungGen      total 22016K, used 3576K [0x00000000eab00000, 0x00000000ece00000, 0x0000000100000000)
  eden space 18432K, 0% used [0x00000000eab00000,0x00000000eab00000,0x00000000ebd00000)
  from space 3584K, 99% used [0x00000000ebd80000,0x00000000ec0fe198,0x00000000ec100000)
  to   space 8704K, 0% used [0x00000000ec580000,0x00000000ec580000,0x00000000ece00000)
 ParOldGen       total 68608K, used 54831K [0x00000000c0000000, 0x00000000c4300000, 0x00000000eab00000)
  object space 68608K, 79% used [0x00000000c0000000,0x00000000c358bc60,0x00000000c4300000)
 Metaspace       used 49923K, committed 51072K, reserved 1114112K
  class space    used 5271K, committed 5760K, reserved 1048576K
}

