# JRE version: OpenJDK Runtime Environment Temurin-21.0.6+7 (21.0.6+7) (build 21.0.6+7-LTS)
# Java VM: OpenJDK 64-Bit Server VM Temurin-21.0.6+7 (21.0.6+7-LTS, mixed mode, sharing, tiered, compressed oops, compressed class ptrs, parallel gc, windows-amd64)
GC Precious Log:
 CardTable entry size: 512
 CPUs: 4 total, 4 available
 Memory: 3877M
 Large Page Support: Disabled
 NUMA Support: Disabled
 Compressed Oops: Enabled (32-bit)
 Alignments: Space 512K, Generation 512K, Heap 2M
 Heap Min Capacity: 100M
 Heap Initial Capacity: 100M
 Heap Max Capacity: 1G
 Pre-touch: Disabled
 Parallel Workers: 4
Heap:
 PSYoungGen      total 3584K, used 3533K [0x00000000eab00000, 0x00000000eb100000, 0x0000000100000000)
  eden space 2048K, 100% used [0x00000000eab00000,0x00000000ead00000,0x00000000ead00000)
  from space 1536K, 96% used [0x00000000ead00000,0x00000000eae73760,0x00000000eae80000)
  to   space 2048K, 0% used [0x00000000eaf00000,0x00000000eaf00000,0x00000000eb100000)
 ParOldGen       total 310784K, used 310348K [0x00000000c0000000, 0x00000000d2f80000, 0x00000000eab00000)
  object space 310784K, 99% used [0x00000000c0000000,0x00000000d2f131a0,0x00000000d2f80000)
 Metaspace       used 50050K, committed 51200K, reserved 1114112K
  class space    used 5278K, committed 5760K, reserved 1048576K
GC Heap History (20 events):
Event: 30.347 GC heap before
{Heap before GC invocations=200 (full 2):
 PSYoungGen      total 4096K, used 3569K [0x00000000eab00000, 0x00000000eb080000, 0x0000000100000000)
  eden space 2560K, 98% used [0x00000000eab00000,0x00000000ead77cb8,0x00000000ead80000)
  from space 1536K, 67% used [0x00000000ead80000,0x00000000eae84928,0x00000000eaf00000)
  to   space 1536K, 0% used [0x00000000eaf00000,0x00000000eaf00000,0x00000000eb080000)
 ParOldGen       total 301056K, used 300649K [0x00000000c0000000, 0x00000000d2600000, 0x00000000eab00000)
  object space 301056K, 99% used [0x00000000c0000000,0x00000000d259a788,0x00000000d2600000)
 Metaspace       used 50038K, committed 51200K, reserved 1114112K
  class space    used 5278K, committed 5760K, reserved 1048576K
}
Event: 30.349 GC heap after
{Heap after GC invocations=200 (full 2):
 PSYoungGen      total 4096K, used 1161K [0x00000000eab00000, 0x00000000eb080000, 0x0000000100000000)
  eden space 2560K, 0% used [0x00000000eab00000,0x00000000eab00000,0x00000000ead80000)
  from space 1536K, 75% used [0x00000000eaf00000,0x00000000eb0227f8,0x00000000eb080000)
  to   space 1536K, 0% used [0x00000000ead80000,0x00000000ead80000,0x00000000eaf00000)
 ParOldGen       total 301568K, used 301550K [0x00000000c0000000, 0x00000000d2680000, 0x00000000eab00000)
  object space 301568K, 99% used [0x00000000c0000000,0x00000000d267bbb8,0x00000000d2680000)
 Metaspace       used 50038K, committed 51200K, reserved 1114112K
  class space    used 5278K, committed 5760K, reserved 1048576K
}
Event: 30.427 GC heap before
{Heap before GC invocations=201 (full 2):
 PSYoungGen      total 4096K, used 3712K [0x00000000eab00000, 0x00000000eb080000, 0x0000000100000000)
  eden space 2560K, 99% used [0x00000000eab00000,0x00000000ead7da48,0x00000000ead80000)
  from space 1536K, 75% used [0x00000000eaf00000,0x00000000eb0227f8,0x00000000eb080000)
  to   space 1536K, 0% used [0x00000000ead80000,0x00000000ead80000,0x00000000eaf00000)
 ParOldGen       total 301568K, used 301550K [0x00000000c0000000, 0x00000000d2680000, 0x00000000eab00000)
  object space 301568K, 99% used [0x00000000c0000000,0x00000000d267bbb8,0x00000000d2680000)
 Metaspace       used 50038K, committed 51200K, reserved 1114112K
  class space    used 5278K, committed 5760K, reserved 1048576K
}
Event: 30.430 GC heap after
{Heap after GC invocations=201 (full 2):
 PSYoungGen      total 4096K, used 1219K [0x00000000eab00000, 0x00000000eb080000, 0x0000000100000000)
  eden space 2560K, 0% used [0x00000000eab00000,0x00000000eab00000,0x00000000ead80000)
  from space 1536K, 79% used [0x00000000ead80000,0x00000000eaeb0ee8,0x00000000eaf00000)
  to   space 1536K, 0% used [0x00000000eaf00000,0x00000000eaf00000,0x00000000eb080000)
 ParOldGen       total 302592K, used 302580K [0x00000000c0000000, 0x00000000d2780000, 0x00000000eab00000)
  object space 302592K, 99% used [0x00000000c0000000,0x00000000d277d0f0,0x00000000d2780000)
 Metaspace       used 50038K, committed 51200K, reserved 1114112K
  class space    used 5278K, committed 5760K, reserved 1048576K
}
Event: 30.740 GC heap before
{Heap before GC invocations=202 (full 2):
 PSYoungGen      total 4096K, used 3720K [0x00000000eab00000, 0x00000000eb080000, 0x0000000100000000)
  eden space 2560K, 97% used [0x00000000eab00000,0x00000000ead714a8,0x00000000ead80000)
  from space 1536K, 79% used [0x00000000ead80000,0x00000000eaeb0ee8,0x00000000eaf00000)
  to   space 1536K, 0% used [0x00000000eaf00000,0x00000000eaf00000,0x00000000eb080000)
 ParOldGen       total 302592K, used 302580K [0x00000000c0000000, 0x00000000d2780000, 0x00000000eab00000)
  object space 302592K, 99% used [0x00000000c0000000,0x00000000d277d0f0,0x00000000d2780000)
 Metaspace       used 50038K, committed 51200K, reserved 1114112K
  class space    used 5278K, committed 5760K, reserved 1048576K
}
Event: 30.742 GC heap after
{Heap after GC invocations=202 (full 2):
 PSYoungGen      total 4096K, used 1157K [0x00000000eab00000, 0x00000000eb080000, 0x0000000100000000)
  eden space 2560K, 0% used [0x00000000eab00000,0x00000000eab00000,0x00000000ead80000)
  from space 1536K, 75% used [0x00000000eaf00000,0x00000000eb0215e0,0x00000000eb080000)
  to   space 1536K, 0% used [0x00000000ead80000,0x00000000ead80000,0x00000000eaf00000)
 ParOldGen       total 304128K, used 303647K [0x00000000c0000000, 0x00000000d2900000, 0x00000000eab00000)
  object space 304128K, 99% used [0x00000000c0000000,0x00000000d2887f80,0x00000000d2900000)
 Metaspace       used 50038K, committed 51200K, reserved 1114112K
  class space    used 5278K, committed 5760K, reserved 1048576K
}
Event: 30.814 GC heap before
{Heap before GC invocations=203 (full 2):
 PSYoungGen      total 4096K, used 3712K [0x00000000eab00000, 0x00000000eb080000, 0x0000000100000000)
  eden space 2560K, 99% used [0x00000000eab00000,0x00000000ead7ecd8,0x00000000ead80000)
  from space 1536K, 75% used [0x00000000eaf00000,0x00000000eb0215e0,0x00000000eb080000)
  to   space 1536K, 0% used [0x00000000ead80000,0x00000000ead80000,0x00000000eaf00000)
 ParOldGen       total 304128K, used 303647K [0x00000000c0000000, 0x00000000d2900000, 0x00000000eab00000)
  object space 304128K, 99% used [0x00000000c0000000,0x00000000d2887f80,0x00000000d2900000)
 Metaspace       used 50038K, committed 51200K, reserved 1114112K
  class space    used 5278K, committed 5760K, reserved 1048576K
}
Event: 30.860 GC heap after
{Heap after GC invocations=203 (full 2):
 PSYoungGen      total 4096K, used 1138K [0x00000000eab00000, 0x00000000eb080000, 0x0000000100000000)
  eden space 2560K, 0% used [0x00000000eab00000,0x00000000eab00000,0x00000000ead80000)
  from space 1536K, 74% used [0x00000000ead80000,0x00000000eae9ca48,0x00000000eaf00000)
  to   space 1536K, 0% used [0x00000000eaf00000,0x00000000eaf00000,0x00000000eb080000)
 ParOldGen       total 305152K, used 304726K [0x00000000c0000000, 0x00000000d2a00000, 0x00000000eab00000)
  object space 305152K, 99% used [0x00000000c0000000,0x00000000d2995810,0x00000000d2a00000)
 Metaspace       used 50038K, committed 51200K, reserved 1114112K
  class space    used 5278K, committed 5760K, reserved 1048576K
}
Event: 30.983 GC heap before
{Heap before GC invocations=204 (full 2):
 PSYoungGen      total 4096K, used 3638K [0x00000000eab00000, 0x00000000eb080000, 0x0000000100000000)
  eden space 2560K, 97% used [0x00000000eab00000,0x00000000ead70f08,0x00000000ead80000)
  from space 1536K, 74% used [0x00000000ead80000,0x00000000eae9ca48,0x00000000eaf00000)
  to   space 1536K, 0% used [0x00000000eaf00000,0x00000000eaf00000,0x00000000eb080000)
 ParOldGen       total 305152K, used 304726K [0x00000000c0000000, 0x00000000d2a00000, 0x00000000eab00000)
  object space 305152K, 99% used [0x00000000c0000000,0x00000000d2995810,0x00000000d2a00000)
 Metaspace       used 50038K, committed 51200K, reserved 1114112K
  class space    used 5278K, committed 5760K, reserved 1048576K
}
Event: 30.985 GC heap after
{Heap after GC invocations=204 (full 2):
 PSYoungGen      total 4096K, used 1082K [0x00000000eab00000, 0x00000000eb080000, 0x0000000100000000)
  eden space 2560K, 0% used [0x00000000eab00000,0x00000000eab00000,0x00000000ead80000)
  from space 1536K, 70% used [0x00000000eaf00000,0x00000000eb00eb70,0x00000000eb080000)
  to   space 1536K, 0% used [0x00000000ead80000,0x00000000ead80000,0x00000000eaf00000)
 ParOldGen       total 306176K, used 305759K [0x00000000c0000000, 0x00000000d2b00000, 0x00000000eab00000)
  object space 306176K, 99% used [0x00000000c0000000,0x00000000d2a97f70,0x00000000d2b00000)
 Metaspace       used 50038K, committed 51200K, reserved 1114112K
  class space    used 5278K, committed 5760K, reserved 1048576K
}
Event: 31.083 GC heap before
{Heap before GC invocations=205 (full 2):
 PSYoungGen      total 4096K, used 3622K [0x00000000eab00000, 0x00000000eb080000, 0x0000000100000000)
  eden space 2560K, 99% used [0x00000000eab00000,0x00000000ead7ae10,0x00000000ead80000)
  from space 1536K, 70% used [0x00000000eaf00000,0x00000000eb00eb70,0x00000000eb080000)
  to   space 1536K, 0% used [0x00000000ead80000,0x00000000ead80000,0x00000000eaf00000)
 ParOldGen       total 306176K, used 305759K [0x00000000c0000000, 0x00000000d2b00000, 0x00000000eab00000)
  object space 306176K, 99% used [0x00000000c0000000,0x00000000d2a97f70,0x00000000d2b00000)
 Metaspace       used 50038K, committed 51200K, reserved 1114112K
  class space    used 5278K, committed 5760K, reserved 1048576K
}
Event: 31.085 GC heap after
{Heap after GC invocations=205 (full 2):
 PSYoungGen      total 4096K, used 1131K [0x00000000eab00000, 0x00000000eb080000, 0x0000000100000000)
  eden space 2560K, 0% used [0x00000000eab00000,0x00000000eab00000,0x00000000ead80000)
  from space 1536K, 73% used [0x00000000ead80000,0x00000000eae9aff0,0x00000000eaf00000)
  to   space 1536K, 0% used [0x00000000eaf00000,0x00000000eaf00000,0x00000000eb080000)
 ParOldGen       total 307200K, used 306754K [0x00000000c0000000, 0x00000000d2c00000, 0x00000000eab00000)
  object space 307200K, 99% used [0x00000000c0000000,0x00000000d2b90878,0x00000000d2c00000)
 Metaspace       used 50038K, committed 51200K, reserved 1114112K
  class space    used 5278K, committed 5760K, reserved 1048576K
}
Event: 31.250 GC heap before
{Heap before GC invocations=206 (full 2):
 PSYoungGen      total 4096K, used 3691K [0x00000000eab00000, 0x00000000eb080000, 0x0000000100000000)
  eden space 2560K, 100% used [0x00000000eab00000,0x00000000ead80000,0x00000000ead80000)
  from space 1536K, 73% used [0x00000000ead80000,0x00000000eae9aff0,0x00000000eaf00000)
  to   space 1536K, 0% used [0x00000000eaf00000,0x00000000eaf00000,0x00000000eb080000)
 ParOldGen       total 307200K, used 306754K [0x00000000c0000000, 0x00000000d2c00000, 0x00000000eab00000)
  object space 307200K, 99% used [0x00000000c0000000,0x00000000d2b90878,0x00000000d2c00000)
 Metaspace       used 50038K, committed 51200K, reserved 1114112K
  class space    used 5278K, committed 5760K, reserved 1048576K
}
Event: 31.268 GC heap after
{Heap after GC invocations=206 (full 2):
 PSYoungGen      total 4096K, used 991K [0x00000000eab00000, 0x00000000eb080000, 0x0000000100000000)
  eden space 2560K, 0% used [0x00000000eab00000,0x00000000eab00000,0x00000000ead80000)
  from space 1536K, 64% used [0x00000000eaf00000,0x00000000eaff7e70,0x00000000eb080000)
  to   space 1536K, 0% used [0x00000000ead80000,0x00000000ead80000,0x00000000eaf00000)
 ParOldGen       total 308224K, used 307831K [0x00000000c0000000, 0x00000000d2d00000, 0x00000000eab00000)
  object space 308224K, 99% used [0x00000000c0000000,0x00000000d2c9dcb8,0x00000000d2d00000)
 Metaspace       used 50038K, committed 51200K, reserved 1114112K
  class space    used 5278K, committed 5760K, reserved 1048576K
}
Event: 31.360 GC heap before
{Heap before GC invocations=207 (full 2):
 PSYoungGen      total 4096K, used 3532K [0x00000000eab00000, 0x00000000eb080000, 0x0000000100000000)
  eden space 2560K, 99% used [0x00000000eab00000,0x00000000ead7b540,0x00000000ead80000)
  from space 1536K, 64% used [0x00000000eaf00000,0x00000000eaff7e70,0x00000000eb080000)
  to   space 1536K, 0% used [0x00000000ead80000,0x00000000ead80000,0x00000000eaf00000)
 ParOldGen       total 308224K, used 307831K [0x00000000c0000000, 0x00000000d2d00000, 0x00000000eab00000)
  object space 308224K, 99% used [0x00000000c0000000,0x00000000d2c9dcb8,0x00000000d2d00000)
 Metaspace       used 50038K, committed 51200K, reserved 1114112K
  class space    used 5278K, committed 5760K, reserved 1048576K
}
Event: 31.363 GC heap after
{Heap after GC invocations=207 (full 2):
 PSYoungGen      total 3584K, used 766K [0x00000000eab00000, 0x00000000eaf80000, 0x0000000100000000)
  eden space 2560K, 0% used [0x00000000eab00000,0x00000000eab00000,0x00000000ead80000)
  from space 1024K, 74% used [0x00000000ead80000,0x00000000eae3f8b0,0x00000000eae80000)
  to   space 1024K, 0% used [0x00000000eae80000,0x00000000eae80000,0x00000000eaf80000)
 ParOldGen       total 309248K, used 308780K [0x00000000c0000000, 0x00000000d2e00000, 0x00000000eab00000)
  object space 309248K, 99% used [0x00000000c0000000,0x00000000d2d8b308,0x00000000d2e00000)
 Metaspace       used 50038K, committed 51200K, reserved 1114112K
  class space    used 5278K, committed 5760K, reserved 1048576K
}
Event: 31.440 GC heap before
{Heap before GC invocations=208 (full 2):
 PSYoungGen      total 3584K, used 3290K [0x00000000eab00000, 0x00000000eaf80000, 0x0000000100000000)
  eden space 2560K, 98% used [0x00000000eab00000,0x00000000ead76f90,0x00000000ead80000)
  from space 1024K, 74% used [0x00000000ead80000,0x00000000eae3f8b0,0x00000000eae80000)
  to   space 1024K, 0% used [0x00000000eae80000,0x00000000eae80000,0x00000000eaf80000)
 ParOldGen       total 309248K, used 308780K [0x00000000c0000000, 0x00000000d2e00000, 0x00000000eab00000)
  object space 309248K, 99% used [0x00000000c0000000,0x00000000d2d8b308,0x00000000d2e00000)
 Metaspace       used 50038K, committed 51200K, reserved 1114112K
  class space    used 5278K, committed 5760K, reserved 1048576K
}
Event: 31.442 GC heap after
{Heap after GC invocations=208 (full 2):
 PSYoungGen      total 3072K, used 1000K [0x00000000eab00000, 0x00000000eb080000, 0x0000000100000000)
  eden space 2048K, 0% used [0x00000000eab00000,0x00000000eab00000,0x00000000ead00000)
  from space 1024K, 97% used [0x00000000eae80000,0x00000000eaf7a058,0x00000000eaf80000)
  to   space 1536K, 0% used [0x00000000ead00000,0x00000000ead00000,0x00000000eae80000)
 ParOldGen       total 309760K, used 309436K [0x00000000c0000000, 0x00000000d2e80000, 0x00000000eab00000)
  object space 309760K, 99% used [0x00000000c0000000,0x00000000d2e2f070,0x00000000d2e80000)
 Metaspace       used 50038K, committed 51200K, reserved 1114112K
  class space    used 5278K, committed 5760K, reserved 1048576K
}
Event: 31.610 GC heap before
{Heap before GC invocations=209 (full 2):
 PSYoungGen      total 3072K, used 3048K [0x00000000eab00000, 0x00000000eb080000, 0x0000000100000000)
  eden space 2048K, 100% used [0x00000000eab00000,0x00000000ead00000,0x00000000ead00000)
  from space 1024K, 97% used [0x00000000eae80000,0x00000000eaf7a058,0x00000000eaf80000)
  to   space 1536K, 0% used [0x00000000ead00000,0x00000000ead00000,0x00000000eae80000)
 ParOldGen       total 309760K, used 309436K [0x00000000c0000000, 0x00000000d2e80000, 0x00000000eab00000)
  object space 309760K, 99% used [0x00000000c0000000,0x00000000d2e2f070,0x00000000d2e80000)
 Metaspace       used 50042K, committed 51200K, reserved 1114112K
  class space    used 5278K, committed 5760K, reserved 1048576K
}
Event: 31.661 GC heap after
{Heap after GC invocations=209 (full 2):
 PSYoungGen      total 3584K, used 1485K [0x00000000eab00000, 0x00000000eb100000, 0x0000000100000000)
  eden space 2048K, 0% used [0x00000000eab00000,0x00000000eab00000,0x00000000ead00000)
  from space 1536K, 96% used [0x00000000ead00000,0x00000000eae73760,0x00000000eae80000)
  to   space 2048K, 0% used [0x00000000eaf00000,0x00000000eaf00000,0x00000000eb100000)
 ParOldGen       total 310784K, used 310348K [0x00000000c0000000, 0x00000000d2f80000, 0x00000000eab00000)
  object space 310784K, 99% used [0x00000000c0000000,0x00000000d2f131a0,0x00000000d2f80000)
 Metaspace       used 50042K, committed 51200K, reserved 1114112K
  class space    used 5278K, committed 5760K, reserved 1048576K
}

